
Jan 27, 2023 11:15:56.289 NEW SESSION
Jan 27, 2023 11:15:56.290 [7436:2972:0127/111556.282:ERROR:device_event_log_impl.cc(215)] [11:15:56.282] USB: usb_device_handle_win.cc:1046 Failed to read descriptor from node connection: A device attached to the system is not functioning. (0x1F)
Jan 27, 2023 11:16:53.980 [7436:9604:0127/111653.977:ERROR:util.cc(134)] Can't create base directory: C:\Program Files\Google\GoogleUpdater
Jan 27, 2023 11:20:55.665 [7436:7672:0127/112055.665:ERROR:connection_factory_impl.cc(472)] ConnectionHandler failed with net error: -2
Jan 27, 2023 11:48:11.93 [7436:7672:0127/114811.093:ERROR:connection_factory_impl.cc(472)] ConnectionHandler failed with net error: -2

Jan 27, 2023 21:33:01.476 NEW SESSION
Jan 27, 2023 21:33:01.476 [9332:7560:0127/213301.473:ERROR:device_event_log_impl.cc(215)] [21:33:01.474] USB: usb_device_handle_win.cc:1046 Failed to read descriptor from node connection: A device attached to the system is not functioning. (0x1F)
Jan 27, 2023 21:33:21.887 [11720:11440:0127/213321.886:ERROR:device_event_log_impl.cc(215)] [21:33:21.886] USB: usb_device_handle_win.cc:1046 Failed to read descriptor from node connection: A device attached to the system is not functioning. (0x1F)

Jan 28, 2023 11:09:00.433 NEW SESSION
Jan 28, 2023 11:09:00.433 [13208:8332:0128/110900.429:ERROR:device_event_log_impl.cc(215)] [11:09:00.429] USB: usb_device_handle_win.cc:1046 Failed to read descriptor from node connection: A device attached to the system is not functioning. (0x1F)
Jan 28, 2023 11:09:58.196 [13208:3556:0128/110958.196:ERROR:util.cc(134)] Can't create base directory: C:\Program Files\Google\GoogleUpdater
Jan 28, 2023 11:35:45.162 [13208:8332:0128/113545.162:ERROR:event_ack_data.cc(74)] StartExternalRequest failed: 2

Jan 30, 2023 11:41:35.808 NEW SESSION
Jan 30, 2023 11:41:35.808 [2780:1588:0130/114135.805:ERROR:device_event_log_impl.cc(215)] [11:41:35.805] USB: usb_device_handle_win.cc:1046 Failed to read descriptor from node connection: A device attached to the system is not functioning. (0x1F)
Jan 30, 2023 11:42:33.437 [2780:4080:0130/114233.436:ERROR:util.cc(134)] Can't create base directory: C:\Program Files\Google\GoogleUpdater
Jan 30, 2023 12:35:00.414 [3208:11876:0130/123500.412:ERROR:device_event_log_impl.cc(215)] [12:35:00.412] USB: usb_device_handle_win.cc:1046 Failed to read descriptor from node connection: A device attached to the system is not functioning. (0x1F)
Jan 30, 2023 12:35:32.805 [7744:6760:0130/123532.804:ERROR:device_event_log_impl.cc(215)] [12:35:32.804] USB: usb_device_handle_win.cc:1046 Failed to read descriptor from node connection: A device attached to the system is not functioning. (0x1F)
Jan 30, 2023 12:36:30.423 [7744:8936:0130/123630.422:ERROR:util.cc(134)] Can't create base directory: C:\Program Files\Google\GoogleUpdater
Jan 30, 2023 12:40:45.226 [11948:6532:0130/124045.226:ERROR:device_event_log_impl.cc(215)] [12:40:45.225] USB: usb_device_handle_win.cc:1046 Failed to read descriptor from node connection: A device attached to the system is not functioning. (0x1F)
Jan 30, 2023 12:41:43.00 [11948:11588:0130/124142.999:ERROR:util.cc(134)] Can't create base directory: C:\Program Files\Google\GoogleUpdater
Jan 30, 2023 12:48:31.749 [11948:9036:0130/124831.749:ERROR:connection_factory_impl.cc(472)] ConnectionHandler failed with net error: -2

Jan 30, 2023 15:21:35.260 NEW SESSION
Jan 30, 2023 15:21:35.260 [1356:7360:0130/152135.257:ERROR:device_event_log_impl.cc(215)] [15:21:35.258] USB: usb_device_handle_win.cc:1046 Failed to read descriptor from node connection: A device attached to the system is not functioning. (0x1F)
Jan 30, 2023 15:22:32.869 [1356:5560:0130/152232.868:ERROR:util.cc(134)] Can't create base directory: C:\Program Files\Google\GoogleUpdater
Jan 30, 2023 15:24:17.499 [4540:12044:0130/152417.499:ERROR:device_event_log_impl.cc(215)] [15:24:17.499] USB: usb_device_handle_win.cc:1046 Failed to read descriptor from node connection: A device attached to the system is not functioning. (0x1F)
Jan 30, 2023 15:25:15.189 [4540:6296:0130/152515.189:ERROR:util.cc(134)] Can't create base directory: C:\Program Files\Google\GoogleUpdater

Feb 02, 2023 21:25:28.840 NEW SESSION
Feb 02, 2023 21:25:28.840 [9412:5896:0202/212528.837:ERROR:device_event_log_impl.cc(215)] [21:25:28.837] USB: usb_device_handle_win.cc:1046 Failed to read descriptor from node connection: A device attached to the system is not functioning. (0x1F)
Feb 02, 2023 21:25:40.851 [10684:12640:0202/212540.850:ERROR:device_event_log_impl.cc(215)] [21:25:40.850] USB: usb_device_handle_win.cc:1046 Failed to read descriptor from node connection: A device attached to the system is not functioning. (0x1F)
Feb 02, 2023 21:26:38.470 [10684:1328:0202/212638.469:ERROR:util.cc(134)] Can't create base directory: C:\Program Files\Google\GoogleUpdater

Feb 04, 2023 11:50:43.762 NEW SESSION
Feb 04, 2023 11:50:43.763 [9048:3596:0204/115043.758:ERROR:device_event_log_impl.cc(215)] [11:50:43.758] USB: usb_device_handle_win.cc:1046 Failed to read descriptor from node connection: A device attached to the system is not functioning. (0x1F)
Feb 04, 2023 11:51:41.532 [9048:4928:0204/115141.532:ERROR:util.cc(134)] Can't create base directory: C:\Program Files\Google\GoogleUpdater
Feb 04, 2023 12:01:46.636 [8048:3204:0204/120146.636:ERROR:device_event_log_impl.cc(215)] [12:01:46.636] USB: usb_device_handle_win.cc:1046 Failed to read descriptor from node connection: A device attached to the system is not functioning. (0x1F)
Feb 04, 2023 12:02:22.365 [8048:7476:0204/120222.364:ERROR:connection_factory_impl.cc(472)] ConnectionHandler failed with net error: -2
Feb 04, 2023 12:02:44.330 [8048:9740:0204/120244.329:ERROR:util.cc(134)] Can't create base directory: C:\Program Files\Google\GoogleUpdater
Feb 04, 2023 12:03:11.944 [8048:7476:0204/120311.944:ERROR:connection_factory_impl.cc(427)] Failed to connect to MCS endpoint with error -118
Feb 04, 2023 12:04:11.154 [8048:7476:0204/120411.154:ERROR:connection_factory_impl.cc(427)] Failed to connect to MCS endpoint with error -106
Feb 04, 2023 12:05:35.143 [8048:7476:0204/120535.143:ERROR:connection_factory_impl.cc(427)] Failed to connect to MCS endpoint with error -106
Feb 04, 2023 12:09:00.964 [8048:7476:0204/120900.963:ERROR:connection_factory_impl.cc(427)] Failed to connect to MCS endpoint with error -106
Feb 04, 2023 12:49:59.126 [7376:1180:0204/124959.126:ERROR:device_event_log_impl.cc(215)] [12:49:59.126] USB: usb_device_handle_win.cc:1046 Failed to read descriptor from node connection: A device attached to the system is not functioning. (0x1F)
Feb 04, 2023 12:49:59.170 [7376:3464:0204/124959.170:ERROR:connection_factory_impl.cc(427)] Failed to connect to MCS endpoint with error -106
Feb 04, 2023 12:50:27.908 [7376:3464:0204/125027.907:ERROR:connection_factory_impl.cc(427)] Failed to connect to MCS endpoint with error -106
Feb 04, 2023 12:50:54.631 [7376:6320:0204/125054.630:ERROR:util.cc(134)] Can't create base directory: C:\Program Files\Google\GoogleUpdater
Feb 04, 2023 12:51:21.46 [7376:3464:0204/125121.045:ERROR:connection_factory_impl.cc(427)] Failed to connect to MCS endpoint with error -106
Feb 04, 2023 12:52:52.125 [7376:3464:0204/125252.124:ERROR:connection_factory_impl.cc(427)] Failed to connect to MCS endpoint with error -106
Feb 04, 2023 12:55:56.635 [7376:3464:0204/125556.634:ERROR:connection_factory_impl.cc(427)] Failed to connect to MCS endpoint with error -106

Feb 06, 2023 11:05:13.106 NEW SESSION
Feb 06, 2023 11:05:13.106 [12292:12744:0206/110513.104:ERROR:device_event_log_impl.cc(215)] [11:05:13.104] USB: usb_device_handle_win.cc:1046 Failed to read descriptor from node connection: A device attached to the system is not functioning. (0x1F)
Feb 06, 2023 11:05:41.546 [9360:10784:0206/110541.545:ERROR:device_event_log_impl.cc(215)] [11:05:41.545] USB: usb_device_handle_win.cc:1046 Failed to read descriptor from node connection: A device attached to the system is not functioning. (0x1F)

Feb 07, 2023 11:08:39.192 NEW SESSION
Feb 07, 2023 11:08:39.192 [12028:6304:0207/110839.186:ERROR:device_event_log_impl.cc(215)] [11:08:39.186] USB: usb_device_handle_win.cc:1046 Failed to read descriptor from node connection: A device attached to the system is not functioning. (0x1F)
Feb 07, 2023 11:09:31.127 [12028:9120:0207/110931.126:ERROR:util.cc(134)] Can't create base directory: C:\Program Files\Google\GoogleUpdater
Feb 07, 2023 11:17:57.116 [5872:6644:0207/111757.115:ERROR:device_event_log_impl.cc(215)] [11:17:57.115] USB: usb_device_handle_win.cc:1046 Failed to read descriptor from node connection: A device attached to the system is not functioning. (0x1F)
Feb 07, 2023 11:18:54.945 [5872:7156:0207/111854.944:ERROR:util.cc(134)] Can't create base directory: C:\Program Files\Google\GoogleUpdater
Feb 07, 2023 11:21:51.884 [5872:11208:0207/112151.884:ERROR:connection_factory_impl.cc(427)] Failed to connect to MCS endpoint with error -106
Feb 07, 2023 11:22:23.517 [5872:11208:0207/112223.517:ERROR:connection_factory_impl.cc(427)] Failed to connect to MCS endpoint with error -106
Feb 07, 2023 11:23:24.510 [5872:11208:0207/112324.509:ERROR:connection_factory_impl.cc(427)] Failed to connect to MCS endpoint with error -106
Feb 07, 2023 11:25:25.441 [5872:11208:0207/112525.441:ERROR:connection_factory_impl.cc(427)] Failed to connect to MCS endpoint with error -106
Feb 07, 2023 11:28:42.584 [5872:11208:0207/112842.584:ERROR:connection_factory_impl.cc(427)] Failed to connect to MCS endpoint with error -106
Feb 07, 2023 11:36:47.802 [5872:11208:0207/113647.802:ERROR:connection_factory_impl.cc(427)] Failed to connect to MCS endpoint with error -106
Feb 07, 2023 11:49:58.552 [5872:11208:0207/114958.552:ERROR:connection_factory_impl.cc(427)] Failed to connect to MCS endpoint with error -106
Feb 07, 2023 11:57:30.260 [4004:10384:0207/115730.259:ERROR:device_event_log_impl.cc(215)] [11:57:30.259] USB: usb_device_handle_win.cc:1046 Failed to read descriptor from node connection: A device attached to the system is not functioning. (0x1F)
Feb 07, 2023 11:58:28.59 [4004:9144:0207/115828.059:ERROR:util.cc(134)] Can't create base directory: C:\Program Files\Google\GoogleUpdater
Feb 07, 2023 12:02:37.792 [4004:11168:0207/120237.791:ERROR:connection_factory_impl.cc(427)] Failed to connect to MCS endpoint with error -106
Feb 07, 2023 12:11:06.641 [4324:3436:0207/121106.639:ERROR:device_event_log_impl.cc(215)] [12:11:06.639] USB: usb_device_handle_win.cc:1046 Failed to read descriptor from node connection: A device attached to the system is not functioning. (0x1F)
Feb 07, 2023 12:12:04.251 [4324:8396:0207/121204.250:ERROR:util.cc(134)] Can't create base directory: C:\Program Files\Google\GoogleUpdater
Feb 07, 2023 12:17:22.97 [4324:5688:0207/121722.097:ERROR:connection_factory_impl.cc(472)] ConnectionHandler failed with net error: -2
Feb 07, 2023 12:22:44.802 [1932:6272:0207/122244.801:ERROR:device_event_log_impl.cc(215)] [12:22:44.800] USB: usb_device_handle_win.cc:1046 Failed to read descriptor from node connection: A device attached to the system is not functioning. (0x1F)
Feb 07, 2023 12:22:59.51 [1932:7004:0207/122259.050:ERROR:connection_factory_impl.cc(427)] Failed to connect to MCS endpoint with error -105
Feb 07, 2023 12:23:42.521 [1932:13072:0207/122342.521:ERROR:util.cc(134)] Can't create base directory: C:\Program Files\Google\GoogleUpdater

Feb 08, 2023 11:18:02.420 NEW SESSION
Feb 08, 2023 11:18:02.420 [6664:10480:0208/111802.418:ERROR:device_event_log_impl.cc(215)] [11:18:02.418] USB: usb_device_handle_win.cc:1046 Failed to read descriptor from node connection: A device attached to the system is not functioning. (0x1F)
Feb 08, 2023 11:18:59.705 [6664:11112:0208/111859.705:ERROR:util.cc(134)] Can't create base directory: C:\Program Files\Google\GoogleUpdater

Feb 08, 2023 12:03:58.506 NEW SESSION
Feb 08, 2023 12:03:58.506 [1368:11912:0208/120358.499:ERROR:device_event_log_impl.cc(215)] [12:03:58.499] USB: usb_device_handle_win.cc:1046 Failed to read descriptor from node connection: A device attached to the system is not functioning. (0x1F)
Feb 08, 2023 12:04:55.863 [1368:6060:0208/120455.863:ERROR:util.cc(134)] Can't create base directory: C:\Program Files\Google\GoogleUpdater
Feb 08, 2023 12:07:10.685 [1368:9204:0208/120710.685:ERROR:connection_factory_impl.cc(427)] Failed to connect to MCS endpoint with error -106
Feb 08, 2023 12:12:02.979 [1368:9204:0208/121202.979:ERROR:connection_factory_impl.cc(472)] ConnectionHandler failed with net error: -2

Feb 09, 2023 21:48:22.374 NEW SESSION
Feb 09, 2023 21:48:22.374 [1484:4916:0209/214822.372:ERROR:device_event_log_impl.cc(218)] [21:48:22.371] USB: usb_device_handle_win.cc:1046 Failed to read descriptor from node connection: A device attached to the system is not functioning. (0x1F)

Feb 09, 2023 22:13:18.919 NEW SESSION
Feb 09, 2023 22:13:18.919 [12508:1820:0209/221318.917:ERROR:device_event_log_impl.cc(218)] [22:13:18.917] USB: usb_device_handle_win.cc:1046 Failed to read descriptor from node connection: A device attached to the system is not functioning. (0x1F)
Feb 09, 2023 22:23:00.883 [12520:6512:0209/222300.882:ERROR:device_event_log_impl.cc(218)] [22:23:00.882] USB: usb_device_handle_win.cc:1046 Failed to read descriptor from node connection: A device attached to the system is not functioning. (0x1F)
Feb 09, 2023 22:26:57.957 [10548:4952:0209/222657.955:ERROR:device_event_log_impl.cc(218)] [22:26:57.954] USB: usb_device_handle_win.cc:1046 Failed to read descriptor from node connection: A device attached to the system is not functioning. (0x1F)

Feb 10, 2023 11:25:25.383 NEW SESSION
Feb 10, 2023 11:25:25.383 [9940:12368:0210/112525.380:ERROR:device_event_log_impl.cc(218)] [11:25:25.379] USB: usb_device_handle_win.cc:1046 Failed to read descriptor from node connection: A device attached to the system is not functioning. (0x1F)

Feb 11, 2023 11:21:03.357 NEW SESSION
Feb 11, 2023 11:21:03.357 [6220:8492:0211/112103.352:ERROR:device_event_log_impl.cc(218)] [11:21:03.351] USB: usb_device_handle_win.cc:1046 Failed to read descriptor from node connection: A device attached to the system is not functioning. (0x1F)
Feb 11, 2023 11:21:03.427 [6220:11716:0211/112103.427:ERROR:connection_factory_impl.cc(427)] Failed to connect to MCS endpoint with error -106
Feb 11, 2023 11:22:26.287 [12492:6716:0211/112226.286:ERROR:device_event_log_impl.cc(218)] [11:22:26.287] USB: usb_device_handle_win.cc:1046 Failed to read descriptor from node connection: A device attached to the system is not functioning. (0x1F)
Feb 11, 2023 11:22:26.634 [12492:13608:0211/112226.633:ERROR:connection_factory_impl.cc(427)] Failed to connect to MCS endpoint with error -106
Feb 11, 2023 11:22:49.134 [12492:13608:0211/112249.133:ERROR:connection_factory_impl.cc(427)] Failed to connect to MCS endpoint with error -106
Feb 11, 2023 11:23:31.359 [12492:13608:0211/112331.359:ERROR:connection_factory_impl.cc(427)] Failed to connect to MCS endpoint with error -106
Feb 11, 2023 11:25:05.338 [12492:13608:0211/112505.338:ERROR:connection_factory_impl.cc(427)] Failed to connect to MCS endpoint with error -106
Feb 11, 2023 11:25:56.987 [12492:6716:0211/112556.985:ERROR:account_info_fetcher.cc(62)] OnGetTokenFailure: Connection failed (-106).
Feb 11, 2023 11:28:51.759 [12492:13608:0211/112851.757:ERROR:connection_factory_impl.cc(427)] Failed to connect to MCS endpoint with error -106
Feb 11, 2023 11:36:41.345 [12492:13608:0211/113641.344:ERROR:connection_factory_impl.cc(427)] Failed to connect to MCS endpoint with error -106
Feb 11, 2023 11:42:56.109 [9688:8516:0211/114256.109:ERROR:device_event_log_impl.cc(218)] [11:42:56.108] USB: usb_device_handle_win.cc:1046 Failed to read descriptor from node connection: A device attached to the system is not functioning. (0x1F)
Feb 11, 2023 11:42:56.126 [9688:7524:0211/114256.126:ERROR:connection_factory_impl.cc(427)] Failed to connect to MCS endpoint with error -106
Feb 11, 2023 11:43:19.879 [9688:7524:0211/114319.878:ERROR:connection_factory_impl.cc(427)] Failed to connect to MCS endpoint with error -106
Feb 11, 2023 12:57:19.60 [9688:7524:0211/125719.060:ERROR:connection_factory_impl.cc(472)] ConnectionHandler failed with net error: -2
